<?xml version="1.0" encoding="UTF-8"?>
<!-- Generated by org.testng.reporters.JUnitXMLReporter -->
<testsuite hostname="ahouras-MacBook-Pro.local" ignored="0" name="Command line test" tests="7" failures="1" timestamp="02 Feb 2017 22:29:08 GMT" time="3.078" errors="0">
  <testcase name="@BeforeMethod setUp" time="0.0" classname="base.CommonMethods">
    <failure type="org.openqa.selenium.InvalidArgumentException" message="Malformed URL:  is not a valid URL.
Build info: version: &amp;apos;3.0.1&amp;apos;, revision: &amp;apos;1969d75&amp;apos;, time: &amp;apos;2016-10-18 09:49:13 -0700&amp;apos;
System info: host: &amp;apos;ahouras-MacBook-Pro.local&amp;apos;, ip: &amp;apos;172.16.100.233&amp;apos;, os.name: &amp;apos;Mac OS X&amp;apos;, os.arch: &amp;apos;x86_64&amp;apos;, os.version: &amp;apos;10.11.6&amp;apos;, java.version: &amp;apos;1.8.0_111&amp;apos;
Driver info: org.openqa.selenium.firefox.FirefoxDriver
Capabilities [{rotatable=false, raisesAccessibilityExceptions=false, marionette=true, firefoxOptions={args=[], prefs={}}, appBuildId=20170125094131, version=, platform=MAC, proxy={}, command_id=1, specificationLevel=0, acceptSslCerts=false, processId=4946, browserVersion=51.0.1, platformVersion=15.6.0, XULappId={ec8030f7-c20a-464f-9b0e-13a3a9e97384}, browserName=firefox, takesScreenshot=true, takesElementScreenshot=true, platformName=darwin}]
Session ID: ab790619-34c7-134d-b74d-67af1ac4c800">
      <![CDATA[org.openqa.selenium.InvalidArgumentException: Malformed URL:  is not a valid URL.
Build info: version: '3.0.1', revision: '1969d75', time: '2016-10-18 09:49:13 -0700'
System info: host: 'ahouras-MacBook-Pro.local', ip: '172.16.100.233', os.name: 'Mac OS X', os.arch: 'x86_64', os.version: '10.11.6', java.version: '1.8.0_111'
Driver info: org.openqa.selenium.firefox.FirefoxDriver
Capabilities [{rotatable=false, raisesAccessibilityExceptions=false, marionette=true, firefoxOptions={args=[], prefs={}}, appBuildId=20170125094131, version=, platform=MAC, proxy={}, command_id=1, specificationLevel=0, acceptSslCerts=false, processId=4946, browserVersion=51.0.1, platformVersion=15.6.0, XULappId={ec8030f7-c20a-464f-9b0e-13a3a9e97384}, browserName=firefox, takesScreenshot=true, takesElementScreenshot=true, platformName=darwin}]
Session ID: ab790619-34c7-134d-b74d-67af1ac4c800
	at org.openqa.selenium.remote.http.W3CHttpResponseCodec.createException(W3CHttpResponseCodec.java:127)
	at org.openqa.selenium.remote.http.W3CHttpResponseCodec.decode(W3CHttpResponseCodec.java:93)
	at org.openqa.selenium.remote.http.W3CHttpResponseCodec.decode(W3CHttpResponseCodec.java:42)
	at org.openqa.selenium.remote.HttpCommandExecutor.execute(HttpCommandExecutor.java:163)
	at org.openqa.selenium.remote.service.DriverCommandExecutor.execute(DriverCommandExecutor.java:82)
	at org.openqa.selenium.remote.RemoteWebDriver.execute(RemoteWebDriver.java:601)
	at org.openqa.selenium.remote.RemoteWebDriver.get(RemoteWebDriver.java:322)
	at base.CommonMethods.setUp(CommonMethods.java:42)
... Removed 41 stack frames]]>
    </failure>
  </testcase> <!-- @BeforeMethod setUp -->
  <testcase name="@AfterMethod tearDown" time="0.0" classname="base.CommonMethods">
    <skipped/>
  </testcase> <!-- @AfterMethod tearDown -->
  <testcase name="@BeforeMethod setUp" time="0.0" classname="base.CommonMethods">
    <skipped/>
  </testcase> <!-- @BeforeMethod setUp -->
  <testcase name="@AfterMethod tearDown" time="0.0" classname="base.CommonMethods">
    <skipped/>
  </testcase> <!-- @AfterMethod tearDown -->
  <testcase name="@BeforeMethod setUp" time="0.0" classname="base.CommonMethods">
    <skipped/>
  </testcase> <!-- @BeforeMethod setUp -->
  <testcase name="@AfterMethod tearDown" time="0.0" classname="base.CommonMethods">
    <skipped/>
  </testcase> <!-- @AfterMethod tearDown -->
  <testcase name="@BeforeMethod setUp" time="0.0" classname="base.CommonMethods">
    <skipped/>
  </testcase> <!-- @BeforeMethod setUp -->
  <testcase name="@AfterMethod tearDown" time="0.0" classname="base.CommonMethods">
    <skipped/>
  </testcase> <!-- @AfterMethod tearDown -->
  <testcase name="@BeforeMethod setUp" time="0.0" classname="base.CommonMethods">
    <skipped/>
  </testcase> <!-- @BeforeMethod setUp -->
  <testcase name="@AfterMethod tearDown" time="0.0" classname="base.CommonMethods">
    <skipped/>
  </testcase> <!-- @AfterMethod tearDown -->
  <testcase name="@BeforeMethod setUp" time="0.0" classname="base.CommonMethods">
    <skipped/>
  </testcase> <!-- @BeforeMethod setUp -->
  <testcase name="@AfterMethod tearDown" time="0.0" classname="base.CommonMethods">
    <skipped/>
  </testcase> <!-- @AfterMethod tearDown -->
  <testcase name="homeElements" time="0.001" classname="TestHome.HomeTest">
    <skipped/>
  </testcase> <!-- homeElements -->
  <testcase name="loginTest" time="0.0" classname="TestHome.TestLogin">
    <skipped/>
  </testcase> <!-- loginTest -->
  <testcase name="testRunSearch" time="0.0" classname="TestHome.TestSearch">
    <failure type="org.testng.TestNGException" message="
Cannot inject @Test annotated Method [testRunSearch] with [class java.lang.String].
For more information on native dependency injection please refer to http://testng.org/doc/documentation-main.html#native-dependency-injection">
      <![CDATA[org.testng.TestNGException: 
Cannot inject @Test annotated Method [testRunSearch] with [class java.lang.String].
For more information on native dependency injection please refer to http://testng.org/doc/documentation-main.html#native-dependency-injection
... Removed 34 stack frames]]>
    </failure>
  </testcase> <!-- testRunSearch -->
  <testcase name="runTestMens" time="0.0" classname="TestHome.DropDownTest">
    <skipped/>
  </testcase> <!-- runTestMens -->
  <testcase name="runTestWomens" time="0.0" classname="TestHome.DropDownTest">
    <skipped/>
  </testcase> <!-- runTestWomens -->
  <testcase name="runTestKids" time="0.0" classname="TestHome.DropDownTest">
    <skipped/>
  </testcase> <!-- runTestKids -->
  <testcase name="runTestGear" time="0.001" classname="TestHome.DropDownTest">
    <skipped/>
  </testcase> <!-- runTestGear -->
</testsuite> <!-- Command line test -->
